0 info it worked if it ends with ok
1 verbose cli [ 'node', '/usr/local/bin/npm', 'start' ]
2 info using npm@2.14.1
3 info using node@v0.12.6
4 verbose run-script [ 'prestart', 'start', 'poststart' ]
5 info prestart Tuneify@0.0.1
6 info start Tuneify@0.0.1
7 verbose unsafe-perm in lifecycle true
8 info Tuneify@0.0.1 Failed to exec start script
9 verbose stack Error: Tuneify@0.0.1 start: `webpack-dev-server`
9 verbose stack Exit status 1
9 verbose stack     at EventEmitter.<anonymous> (/usr/local/lib/node_modules/npm/lib/utils/lifecycle.js:214:16)
9 verbose stack     at EventEmitter.emit (events.js:110:17)
9 verbose stack     at ChildProcess.<anonymous> (/usr/local/lib/node_modules/npm/lib/utils/spawn.js:24:14)
9 verbose stack     at ChildProcess.emit (events.js:110:17)
9 verbose stack     at maybeClose (child_process.js:1015:16)
9 verbose stack     at Process.ChildProcess._handle.onexit (child_process.js:1087:5)
10 verbose pkgid Tuneify@0.0.1
11 verbose cwd /Users/jamesfiltness/Desktop/tuneify
12 error Darwin 11.4.2
13 error argv "node" "/usr/local/bin/npm" "start"
14 error node v0.12.6
15 error npm  v2.14.1
16 error code ELIFECYCLE
17 error Tuneify@0.0.1 start: `webpack-dev-server`
17 error Exit status 1
18 error Failed at the Tuneify@0.0.1 start script 'webpack-dev-server'.
18 error This is most likely a problem with the Tuneify package,
18 error not with npm itself.
18 error Tell the author that this fails on your system:
18 error     webpack-dev-server
18 error You can get their info via:
18 error     npm owner ls Tuneify
18 error There is likely additional logging output above.
19 verbose exit [ 1, true ]
